build/app/intermediates/manifest_merge_blame_file/debug/manifest-merger-blame-debug-report.txt
1<?xml version="1.0" encoding="utf-8"?>
2<manifest xmlns:android="http://schemas.android.com/apk/res/android"
3    package="com.example.portfolio"
4    android:versionCode="1"
5    android:versionName="1.0.0" >
6
7    <uses-sdk
8        android:minSdkVersion="21"
9        android:targetSdkVersion="30" />
10    <!--
11         Flutter needs it to communicate with the running application
12         to allow setting breakpoints, to provide hot reload, etc.
13    -->
14    <uses-permission android:name="android.permission.INTERNET" />
14-->src\main\AndroidManifest.xml:4:5-67
14-->src\main\AndroidManifest.xml:4:22-64
15    <uses-permission android:name="android.permission.QUERY_ALL_PACKAGES" />
15-->src\main\AndroidManifest.xml:3:5-77
15-->src\main\AndroidManifest.xml:3:22-74
16
17    <queries>
17-->src\main\AndroidManifest.xml:5:5-27:15
18
19        <!-- If your app opens https URLs -->
20        <intent>
20-->src\main\AndroidManifest.xml:7:9-11:18
21            <action android:name="android.intent.action.VIEW" />
21-->src\main\AndroidManifest.xml:8:13-65
21-->src\main\AndroidManifest.xml:8:21-62
22
23            <category android:name="android.intent.category.BROWSABLE" />
23-->src\main\AndroidManifest.xml:9:13-74
23-->src\main\AndroidManifest.xml:9:23-71
24
25            <data android:scheme="https" />
25-->src\main\AndroidManifest.xml:10:13-44
25-->src\main\AndroidManifest.xml:10:19-41
26        </intent>
27        <!-- If your app makes calls -->
28        <intent>
28-->src\main\AndroidManifest.xml:13:9-16:18
29            <action android:name="android.intent.action.DIAL" />
29-->src\main\AndroidManifest.xml:14:13-65
29-->src\main\AndroidManifest.xml:14:21-62
30
31            <data android:scheme="tel" />
31-->src\main\AndroidManifest.xml:10:13-44
31-->src\main\AndroidManifest.xml:10:19-41
32        </intent>
33        <!-- If your sends SMS messages -->
34        <intent>
34-->src\main\AndroidManifest.xml:18:9-21:18
35            <action android:name="android.intent.action.SENDTO" />
35-->src\main\AndroidManifest.xml:19:13-67
35-->src\main\AndroidManifest.xml:19:21-64
36
37            <data android:scheme="smsto" />
37-->src\main\AndroidManifest.xml:10:13-44
37-->src\main\AndroidManifest.xml:10:19-41
38        </intent>
39        <!-- If your app sends emails -->
40        <intent>
40-->src\main\AndroidManifest.xml:23:9-26:18
41            <action android:name="android.intent.action.SEND" />
41-->src\main\AndroidManifest.xml:24:13-65
41-->src\main\AndroidManifest.xml:24:21-62
42
43            <data android:mimeType="*/*" />
43-->src\main\AndroidManifest.xml:10:13-44
44        </intent>
45    </queries>
46
47    <application
48        android:name="android.app.Application"
49        android:appComponentFactory="androidx.core.app.CoreComponentFactory"
49-->[androidx.core:core:1.6.0] AndroidManifest.xml:24:18-86
50        android:debuggable="true"
51        android:icon="@mipmap/ic_launcher"
52        android:label="My Portfolio" >
53        <activity
54            android:name="com.example.portfolio.MainActivity"
55            android:configChanges="orientation|keyboardHidden|keyboard|screenSize|smallestScreenSize|locale|layoutDirection|fontScale|screenLayout|density|uiMode"
56            android:exported="true"
57            android:hardwareAccelerated="true"
58            android:launchMode="singleTop"
59            android:theme="@style/LaunchTheme"
60            android:windowSoftInputMode="adjustResize" >
61
62            <!--
63                 Specifies an Android theme to apply to this Activity as soon as
64                 the Android process has started. This theme is visible to the user
65                 while the Flutter UI initializes. After that, this theme continues
66                 to determine the Window background behind the Flutter UI.
67            -->
68            <meta-data
69                android:name="io.flutter.embedding.android.NormalTheme"
70                android:resource="@style/NormalTheme" />
71
72            <intent-filter>
73                <action android:name="android.intent.action.MAIN" />
74
75                <category android:name="android.intent.category.LAUNCHER" />
76            </intent-filter>
77        </activity>
78        <!--
79             Don't delete the meta-data below.
80             This is used by the Flutter tool to generate GeneratedPluginRegistrant.java
81        -->
82        <meta-data
83            android:name="flutterEmbedding"
84            android:value="2" />
85
86        <activity
86-->[:url_launcher_android] AndroidManifest.xml:8:9-11:74
87            android:name="io.flutter.plugins.urllauncher.WebViewActivity"
87-->[:url_launcher_android] AndroidManifest.xml:9:13-74
88            android:exported="false"
88-->[:url_launcher_android] AndroidManifest.xml:10:13-37
89            android:theme="@android:style/Theme.NoTitleBar.Fullscreen" />
89-->[:url_launcher_android] AndroidManifest.xml:11:13-71
90
91        <uses-library
91-->[androidx.window:window:1.0.0-beta04] AndroidManifest.xml:25:9-27:40
92            android:name="androidx.window.extensions"
92-->[androidx.window:window:1.0.0-beta04] AndroidManifest.xml:26:13-54
93            android:required="false" />
93-->[androidx.window:window:1.0.0-beta04] AndroidManifest.xml:27:13-37
94        <uses-library
94-->[androidx.window:window:1.0.0-beta04] AndroidManifest.xml:28:9-30:40
95            android:name="androidx.window.sidecar"
95-->[androidx.window:window:1.0.0-beta04] AndroidManifest.xml:29:13-51
96            android:required="false" />
96-->[androidx.window:window:1.0.0-beta04] AndroidManifest.xml:30:13-37
97    </application>
98
99</manifest>